<?xml version="1.0" encoding="UTF-8"?>
<!-- Generated by org.testng.reporters.JUnitReportReporter -->
<testsuite hostname="MacBook-Pro" failures="0" tests="2" name="com.saucedemo.qa.testcases.HomePageTest" time="12.360" errors="0" timestamp="2023-10-08T15:06:13 IST" skipped="0">
  <testcase classname="com.saucedemo.qa.testcases.HomePageTest" name="verifyRemoveProductFromCart" time="7.667"/>
  <testcase classname="com.saucedemo.qa.testcases.HomePageTest" name="verifyEndToEndFlow" time="4.693"/>
</testsuite> <!-- com.saucedemo.qa.testcases.HomePageTest -->
