<?xml version="1.0" encoding="UTF-8"?>
<!-- Generated by org.testng.reporters.JUnitReportReporter -->
<testsuite hostname="MacBook-Pro" failures="0" tests="1" name="com.saucedemo.qa.testcases.InventoryPageTest" time="7.048" errors="0" timestamp="2023-10-09T15:13:09 IST" skipped="0">
  <testcase classname="com.saucedemo.qa.testcases.InventoryPageTest" name="verifyLinkedinLink" time="7.048"/>
</testsuite> <!-- com.saucedemo.qa.testcases.InventoryPageTest -->
