<?xml version="1.0" encoding="UTF-8"?>
<!-- Generated by org.testng.reporters.JUnitReportReporter -->
<testsuite hostname="MacBook-Pro" failures="0" tests="2" name="com.saucedemo.qa.testcases.ProductPageTest" time="10.741" errors="0" timestamp="2023-10-05T07:22:47 IST" skipped="0">
  <testcase classname="com.saucedemo.qa.testcases.ProductPageTest" name="verifySortProductsAndAddToCart" time="3.675"/>
  <testcase classname="com.saucedemo.qa.testcases.ProductPageTest" name="verifyAddMultipleProducts" time="7.066"/>
</testsuite> <!-- com.saucedemo.qa.testcases.ProductPageTest -->
