<?xml version="1.0" encoding="UTF-8"?>
<!-- Generated by org.testng.reporters.JUnitReportReporter -->
<testsuite hostname="MacBook-Pro" failures="0" tests="2" name="com.saucedemo.qa.testcases.HomePageTest" time="10.119" errors="0" timestamp="2023-10-07T12:10:28 IST" skipped="0">
  <testcase classname="com.saucedemo.qa.testcases.HomePageTest" name="verifyRemoveProductFromCart" time="3.558"/>
  <testcase classname="com.saucedemo.qa.testcases.HomePageTest" name="verifyEndToEndFlow" time="6.561"/>
</testsuite> <!-- com.saucedemo.qa.testcases.HomePageTest -->
