<?xml version="1.0" encoding="UTF-8"?>
<!-- Generated by org.testng.reporters.JUnitReportReporter -->
<testsuite hostname="MacBook-Pro" failures="0" tests="2" name="com.saucedemo.qa.testcases.InventoryPageTest" time="8.539" errors="0" timestamp="2023-10-07T12:10:28 IST" skipped="0">
  <testcase classname="com.saucedemo.qa.testcases.InventoryPageTest" name="verifySortProductsAndAddToCart" time="4.480"/>
  <testcase classname="com.saucedemo.qa.testcases.InventoryPageTest" name="verifyAddMultipleProducts" time="4.059"/>
</testsuite> <!-- com.saucedemo.qa.testcases.InventoryPageTest -->
