<?xml version="1.0" encoding="UTF-8"?>
<!-- Generated by org.testng.reporters.JUnitReportReporter -->
<testsuite hostname="MacBook-Pro" failures="0" tests="2" name="com.saucedemo.qa.testcases.ProductPageTest" time="13.083" errors="0" timestamp="2023-10-04T21:06:43 IST" skipped="0">
  <testcase classname="com.saucedemo.qa.testcases.ProductPageTest" name="verifySortProductsAndAddToCart" time="8.748"/>
  <testcase classname="com.saucedemo.qa.testcases.ProductPageTest" name="verifyAddMultipleProducts" time="4.335"/>
</testsuite> <!-- com.saucedemo.qa.testcases.ProductPageTest -->
