<?xml version="1.0" encoding="UTF-8"?>
<!-- Generated by org.testng.reporters.JUnitReportReporter -->
<testsuite hostname="MacBook-Pro" failures="0" tests="2" name="com.saucedemo.qa.testcases.HomePageTest" time="11.056" errors="0" timestamp="2023-10-04T21:06:43 IST" skipped="0">
  <testcase classname="com.saucedemo.qa.testcases.HomePageTest" name="verifyRemoveProductFromCart" time="3.723"/>
  <testcase classname="com.saucedemo.qa.testcases.HomePageTest" name="verifyEndToEndFlow" time="7.333"/>
</testsuite> <!-- com.saucedemo.qa.testcases.HomePageTest -->
